# JRE version: OpenJDK Runtime Environment Zulu15.40+19-CA (15.0.7+4) (build 15.0.7+4-MTS)
# Java VM: OpenJDK 64-Bit Server VM Zulu15.40+19-CA (15.0.7+4-MTS, mixed mode, sharing, tiered, compressed oops, g1 gc, bsd-amd64)
GC Precious Log:
 CPUs: 12 total, 12 available
 Memory: 16384M
 Large Page Support: Disabled
 NUMA Support: Disabled
 Compressed Oops: Enabled (Zero based)
 Heap Region Size: 2M
 Heap Min Capacity: 8M
 Heap Initial Capacity: 256M
 Heap Max Capacity: 4G
 Pre-touch: Disabled
 Parallel Workers: 10
 Concurrent Workers: 3
 Concurrent Refinement Workers: 10
 Periodic GC: Disabled
Heap:
 garbage-first heap   total 108544K, used 48540K [0x0000000700000000, 0x0000000800000000)
  region size 2048K, 13 young (26624K), 2 survivors (4096K)
 Metaspace       used 36165K, capacity 36898K, committed 37120K, reserved 1081344K
  class space    used 4973K, capacity 5201K, committed 5248K, reserved 1048576K
GC Heap History (12 events):
Event: 0.404 GC heap before
{Heap before GC invocations=0 (full 0):
 garbage-first heap   total 266240K, used 32552K [0x0000000700000000, 0x0000000800000000)
  region size 2048K, 11 young (22528K), 0 survivors (0K)
 Metaspace       used 3916K, capacity 6607K, committed 6912K, reserved 1056768K
  class space    used 503K, capacity 729K, committed 768K, reserved 1048576K
}
Event: 0.407 GC heap after
{Heap after GC invocations=1 (full 0):
 garbage-first heap   total 266240K, used 10925K [0x0000000700000000, 0x0000000800000000)
  region size 2048K, 2 young (4096K), 2 survivors (4096K)
 Metaspace       used 3916K, capacity 6607K, committed 6912K, reserved 1056768K
  class space    used 503K, capacity 729K, committed 768K, reserved 1048576K
}
Event: 0.573 GC heap before
{Heap before GC invocations=1 (full 0):
 garbage-first heap   total 266240K, used 35501K [0x0000000700000000, 0x0000000800000000)
  region size 2048K, 15 young (30720K), 2 survivors (4096K)
 Metaspace       used 4997K, capacity 7463K, committed 7680K, reserved 1056768K
  class space    used 682K, capacity 929K, committed 1024K, reserved 1048576K
}
Event: 0.576 GC heap after
{Heap after GC invocations=2 (full 0):
 garbage-first heap   total 266240K, used 16014K [0x0000000700000000, 0x0000000800000000)
  region size 2048K, 2 young (4096K), 2 survivors (4096K)
 Metaspace       used 4997K, capacity 7463K, committed 7680K, reserved 1056768K
  class space    used 682K, capacity 929K, committed 1024K, reserved 1048576K
}
Event: 1.555 GC heap before
{Heap before GC invocations=2 (full 0):
 garbage-first heap   total 266240K, used 106126K [0x0000000700000000, 0x0000000800000000)
  region size 2048K, 47 young (96256K), 2 survivors (4096K)
 Metaspace       used 20612K, capacity 21107K, committed 21248K, reserved 1067008K
  class space    used 3055K, capacity 3204K, committed 3328K, reserved 1048576K
}
Event: 1.561 GC heap after
{Heap after GC invocations=3 (full 0):
 garbage-first heap   total 266240K, used 20969K [0x0000000700000000, 0x0000000800000000)
  region size 2048K, 5 young (10240K), 5 survivors (10240K)
 Metaspace       used 20612K, capacity 21107K, committed 21248K, reserved 1067008K
  class space    used 3055K, capacity 3204K, committed 3328K, reserved 1048576K
}
Event: 2.045 GC heap before
{Heap before GC invocations=4 (full 0):
 garbage-first heap   total 90112K, used 66025K [0x0000000700000000, 0x0000000800000000)
  region size 2048K, 26 young (53248K), 5 survivors (10240K)
 Metaspace       used 29344K, capacity 29888K, committed 30080K, reserved 1075200K
  class space    used 3998K, capacity 4204K, committed 4224K, reserved 1048576K
}
Event: 2.052 GC heap after
{Heap after GC invocations=5 (full 0):
 garbage-first heap   total 90112K, used 25392K [0x0000000700000000, 0x0000000800000000)
  region size 2048K, 3 young (6144K), 3 survivors (6144K)
 Metaspace       used 29344K, capacity 29888K, committed 30080K, reserved 1075200K
  class space    used 3998K, capacity 4204K, committed 4224K, reserved 1048576K
}
Event: 2.374 GC heap before
{Heap before GC invocations=5 (full 0):
 garbage-first heap   total 90112K, used 56112K [0x0000000700000000, 0x0000000800000000)
  region size 2048K, 19 young (38912K), 3 survivors (6144K)
 Metaspace       used 33908K, capacity 34579K, committed 34816K, reserved 1079296K
  class space    used 4628K, capacity 4819K, committed 4864K, reserved 1048576K
}
Event: 2.379 GC heap after
{Heap after GC invocations=6 (full 0):
 garbage-first heap   total 108544K, used 27648K [0x0000000700000000, 0x0000000800000000)
  region size 2048K, 2 young (4096K), 2 survivors (4096K)
 Metaspace       used 33908K, capacity 34579K, committed 34816K, reserved 1079296K
  class space    used 4628K, capacity 4819K, committed 4864K, reserved 1048576K
}
Event: 2.477 GC heap before
{Heap before GC invocations=6 (full 0):
 garbage-first heap   total 108544K, used 35840K [0x0000000700000000, 0x0000000800000000)
  region size 2048K, 7 young (14336K), 2 survivors (4096K)
 Metaspace       used 35040K, capacity 35745K, committed 35840K, reserved 1081344K
  class space    used 4808K, capacity 4992K, committed 4992K, reserved 1048576K
}
Event: 2.480 GC heap after
{Heap after GC invocations=7 (full 0):
 garbage-first heap   total 108544K, used 28060K [0x0000000700000000, 0x0000000800000000)
  region size 2048K, 2 young (4096K), 2 survivors (4096K)
 Metaspace       used 35040K, capacity 35745K, committed 35840K, reserved 1081344K
  class space    used 4808K, capacity 4992K, committed 4992K, reserved 1048576K
}

